/*
 *  CMSIS Pack Debug Access Sequence Log
 *  File        : E:\stm32\STM32F401\Code\STM32F401_HAL_PRO\STM32F401_HAL_PRO\MDK-ARM\STM32F401_HAL_PRO_Sequences_0000.log
 *  Created     : 14:39:15 (10/04/2022)
 *  Device      : STM32F401CEUx
 *  PDSC File   : D:\MDK513\PACK\Keil\STM32F4xx_DFP\2.16.0\Keil.STM32F4xx_DFP.pdsc
 *  Config File : E:\stm32\STM32F401\Code\STM32F401_HAL_PRO\STM32F401_HAL_PRO\MDK-ARM\DebugConfig\STM32F401_HAL_PRO_STM32F401CEUx.dbgconf
 *
 */

[14:39:15.900]  **********  Sequence "DebugDeviceUnlock"  (Context="Connect", Pname="", info="")
[14:39:15.900]  
[14:39:15.900]  <debugvars>
[14:39:15.900]    // Pre-defined
[14:39:15.900]    __protocol=0x00010002      (Protocol="SWD", SWJ-DP="True")
[14:39:15.900]    __connection=0x00000202    (Connection Type="Flash", Reset Type="System Reset")
[14:39:15.900]    __dp=0x00000000
[14:39:15.900]    __ap=0x00000000
[14:39:15.900]    __traceout=0x00000000      (Trace Disabled)
[14:39:15.900]    __errorcontrol=0x00000000  (Skip Errors="False")
[14:39:15.900]    __FlashAddr=0x00000000
[14:39:15.900]    __FlashLen=0x00000000
[14:39:15.900]    __FlashArg=0x00000000
[14:39:15.900]    __FlashOp=0x00000000
[14:39:15.900]    __Result=0x00000000
[14:39:15.900]    
[14:39:15.900]    // User-defined
[14:39:15.900]    DbgMCU_CR=0x00000007
[14:39:15.900]    DbgMCU_APB1_Fz=0x00000000
[14:39:15.900]    DbgMCU_APB2_Fz=0x00000000
[14:39:15.900]    TraceClk_Pin=0x00040002
[14:39:15.904]    TraceD0_Pin=0x00040003
[14:39:15.904]    TraceD1_Pin=0x00040004
[14:39:15.904]    TraceD2_Pin=0x00040005
[14:39:15.904]    TraceD3_Pin=0x00040006
[14:39:15.904]  </debugvars>
[14:39:15.904]  
[14:39:15.904]  <sequence name="DebugDeviceUnlock" Pname="" disable="false" info="">
[14:39:15.904]    <block atomic="false" info="">
[14:39:15.904]      Sequence("CheckID");
[14:39:15.904]        <sequence name="CheckID" Pname="" disable="false" info="">
[14:39:15.904]          <block atomic="false" info="">
[14:39:15.904]            __var pidr1 = 0;
[14:39:15.904]              // -> [pidr1 <= 0x00000000]
[14:39:15.904]            __var pidr2 = 0;
[14:39:15.904]              // -> [pidr2 <= 0x00000000]
[14:39:15.904]            __var jep106id = 0;
[14:39:15.904]              // -> [jep106id <= 0x00000000]
[14:39:15.904]            __var ROMTableBase = 0;
[14:39:15.904]              // -> [ROMTableBase <= 0x00000000]
[14:39:15.904]            __ap = 0;      // AHB-AP
[14:39:15.904]              // -> [__ap <= 0x00000000]
[14:39:15.904]            ROMTableBase = ReadAP(0xF8) & ~0x3;
[14:39:15.910]              // -> [ReadAP(0x000000F8) => 0xE00FF003]   (__dp=0x00000000, __ap=0x00000000)
[14:39:15.910]              // -> [ROMTableBase <= 0xE00FF000]
[14:39:15.910]            pidr1 = Read32(ROMTableBase + 0x0FE4);
[14:39:15.910]              // -> [Read32(0xE00FFFE4) => 0x00000004]   (__dp=0x00000000, __ap=0x00000000)
[14:39:15.910]              // -> [pidr1 <= 0x00000004]
[14:39:15.910]            pidr2 = Read32(ROMTableBase + 0x0FE8);
[14:39:15.920]              // -> [Read32(0xE00FFFE8) => 0x0000000A]   (__dp=0x00000000, __ap=0x00000000)
[14:39:15.920]              // -> [pidr2 <= 0x0000000A]
[14:39:15.920]            jep106id = ((pidr2 & 0x7) << 4 ) | ((pidr1 >> 4) & 0xF);
[14:39:15.920]              // -> [jep106id <= 0x00000020]
[14:39:15.920]          </block>
[14:39:15.920]          <control if="jep106id != 0x20" while="" timeout="0" info="">
[14:39:15.920]            // if-block "jep106id != 0x20"
[14:39:15.920]              // =>  FALSE
[14:39:15.920]            // skip if-block "jep106id != 0x20"
[14:39:15.920]          </control>
[14:39:15.920]        </sequence>
[14:39:15.920]    </block>
[14:39:15.920]  </sequence>
[14:39:15.920]  
[14:39:16.060]  **********  Sequence "DebugCoreStart"  (Context="Target Access", Pname="", info="")
[14:39:16.060]  
[14:39:16.060]  <debugvars>
[14:39:16.060]    // Pre-defined
[14:39:16.060]    __protocol=0x00010002      (Protocol="SWD", SWJ-DP="True")
[14:39:16.060]    __connection=0x00000202    (Connection Type="Flash", Reset Type="System Reset")
[14:39:16.060]    __dp=0x00000000
[14:39:16.060]    __ap=0x00000000
[14:39:16.060]    __traceout=0x00000000      (Trace Disabled)
[14:39:16.060]    __errorcontrol=0x00000000  (Skip Errors="False")
[14:39:16.060]    __FlashAddr=0x00000000
[14:39:16.060]    __FlashLen=0x00000000
[14:39:16.060]    __FlashArg=0x00000000
[14:39:16.060]    __FlashOp=0x00000000
[14:39:16.060]    __Result=0x00000000
[14:39:16.060]    
[14:39:16.060]    // User-defined
[14:39:16.060]    DbgMCU_CR=0x00000007
[14:39:16.060]    DbgMCU_APB1_Fz=0x00000000
[14:39:16.060]    DbgMCU_APB2_Fz=0x00000000
[14:39:16.060]    TraceClk_Pin=0x00040002
[14:39:16.060]    TraceD0_Pin=0x00040003
[14:39:16.060]    TraceD1_Pin=0x00040004
[14:39:16.060]    TraceD2_Pin=0x00040005
[14:39:16.060]    TraceD3_Pin=0x00040006
[14:39:16.060]  </debugvars>
[14:39:16.060]  
[14:39:16.060]  <sequence name="DebugCoreStart" Pname="" disable="false" info="">
[14:39:16.060]    <block atomic="false" info="">
[14:39:16.060]      Write32(0xE000EDF0, 0xA05F0001);                                        // Enable Core Debug via DHCSR
[14:39:16.070]        // -> [Write32(0xE000EDF0, 0xA05F0001)]   (__dp=0x00000000, __ap=0x00000000)
[14:39:16.070]      Write32(0xE0042004, DbgMCU_CR);                                         // DBGMCU_CR: Configure MCU Debug
[14:39:16.070]        // -> [Write32(0xE0042004, 0x00000007)]   (__dp=0x00000000, __ap=0x00000000)
[14:39:16.070]      Write32(0xE0042008, DbgMCU_APB1_Fz);                                    // DBGMCU_APB1_FZ: Configure APB1 Peripheral Freeze Behavior
[14:39:16.082]        // -> [Write32(0xE0042008, 0x00000000)]   (__dp=0x00000000, __ap=0x00000000)
[14:39:16.082]      Write32(0xE004200C, DbgMCU_APB2_Fz);                                    // DBGMCU_APB1_FZ: Configure APB2 Peripheral Freeze Behavior
[14:39:16.086]        // -> [Write32(0xE004200C, 0x00000000)]   (__dp=0x00000000, __ap=0x00000000)
[14:39:16.086]    </block>
[14:39:16.086]  </sequence>
[14:39:16.086]  
[14:39:40.971]  **********  Sequence "DebugDeviceUnlock"  (Context="Connect", Pname="", info="")
[14:39:40.971]  
[14:39:40.979]  <debugvars>
[14:39:40.979]    // Pre-defined
[14:39:40.979]    __protocol=0x00010002      (Protocol="SWD", SWJ-DP="True")
[14:39:40.979]    __connection=0x00000202    (Connection Type="Flash", Reset Type="System Reset")
[14:39:40.979]    __dp=0x00000000
[14:39:40.979]    __ap=0x00000000
[14:39:40.979]    __traceout=0x00000000      (Trace Disabled)
[14:39:40.979]    __errorcontrol=0x00000000  (Skip Errors="False")
[14:39:40.981]    __FlashAddr=0x00000000
[14:39:40.981]    __FlashLen=0x00000000
[14:39:40.981]    __FlashArg=0x00000000
[14:39:40.981]    __FlashOp=0x00000000
[14:39:40.981]    __Result=0x00000000
[14:39:40.981]    
[14:39:40.981]    // User-defined
[14:39:40.981]    DbgMCU_CR=0x00000007
[14:39:40.981]    DbgMCU_APB1_Fz=0x00000000
[14:39:40.981]    DbgMCU_APB2_Fz=0x00000000
[14:39:40.981]    TraceClk_Pin=0x00040002
[14:39:40.981]    TraceD0_Pin=0x00040003
[14:39:40.981]    TraceD1_Pin=0x00040004
[14:39:40.981]    TraceD2_Pin=0x00040005
[14:39:40.981]    TraceD3_Pin=0x00040006
[14:39:40.981]  </debugvars>
[14:39:40.981]  
[14:39:40.981]  <sequence name="DebugDeviceUnlock" Pname="" disable="false" info="">
[14:39:40.981]    <block atomic="false" info="">
[14:39:40.981]      Sequence("CheckID");
[14:39:40.981]        <sequence name="CheckID" Pname="" disable="false" info="">
[14:39:40.981]          <block atomic="false" info="">
[14:39:40.981]            __var pidr1 = 0;
[14:39:40.981]              // -> [pidr1 <= 0x00000000]
[14:39:40.981]            __var pidr2 = 0;
[14:39:40.981]              // -> [pidr2 <= 0x00000000]
[14:39:40.981]            __var jep106id = 0;
[14:39:40.981]              // -> [jep106id <= 0x00000000]
[14:39:40.981]            __var ROMTableBase = 0;
[14:39:40.981]              // -> [ROMTableBase <= 0x00000000]
[14:39:40.981]            __ap = 0;      // AHB-AP
[14:39:40.981]              // -> [__ap <= 0x00000000]
[14:39:40.981]            ROMTableBase = ReadAP(0xF8) & ~0x3;
[14:39:40.981]              // -> [ReadAP(0x000000F8) => 0xE00FF003]   (__dp=0x00000000, __ap=0x00000000)
[14:39:40.981]              // -> [ROMTableBase <= 0xE00FF000]
[14:39:40.981]            pidr1 = Read32(ROMTableBase + 0x0FE4);
[14:39:40.992]              // -> [Read32(0xE00FFFE4) => 0x00000004]   (__dp=0x00000000, __ap=0x00000000)
[14:39:40.992]              // -> [pidr1 <= 0x00000004]
[14:39:40.992]            pidr2 = Read32(ROMTableBase + 0x0FE8);
[14:39:41.001]              // -> [Read32(0xE00FFFE8) => 0x0000000A]   (__dp=0x00000000, __ap=0x00000000)
[14:39:41.001]              // -> [pidr2 <= 0x0000000A]
[14:39:41.001]            jep106id = ((pidr2 & 0x7) << 4 ) | ((pidr1 >> 4) & 0xF);
[14:39:41.001]              // -> [jep106id <= 0x00000020]
[14:39:41.001]          </block>
[14:39:41.001]          <control if="jep106id != 0x20" while="" timeout="0" info="">
[14:39:41.001]            // if-block "jep106id != 0x20"
[14:39:41.001]              // =>  FALSE
[14:39:41.001]            // skip if-block "jep106id != 0x20"
[14:39:41.001]          </control>
[14:39:41.001]        </sequence>
[14:39:41.001]    </block>
[14:39:41.001]  </sequence>
[14:39:41.001]  
[14:39:41.131]  **********  Sequence "DebugCoreStart"  (Context="Target Access", Pname="", info="")
[14:39:41.131]  
[14:39:41.131]  <debugvars>
[14:39:41.131]    // Pre-defined
[14:39:41.131]    __protocol=0x00010002      (Protocol="SWD", SWJ-DP="True")
[14:39:41.131]    __connection=0x00000202    (Connection Type="Flash", Reset Type="System Reset")
[14:39:41.131]    __dp=0x00000000
[14:39:41.131]    __ap=0x00000000
[14:39:41.131]    __traceout=0x00000000      (Trace Disabled)
[14:39:41.131]    __errorcontrol=0x00000000  (Skip Errors="False")
[14:39:41.131]    __FlashAddr=0x00000000
[14:39:41.131]    __FlashLen=0x00000000
[14:39:41.131]    __FlashArg=0x00000000
[14:39:41.131]    __FlashOp=0x00000000
[14:39:41.141]    __Result=0x00000000
[14:39:41.141]    
[14:39:41.141]    // User-defined
[14:39:41.141]    DbgMCU_CR=0x00000007
[14:39:41.141]    DbgMCU_APB1_Fz=0x00000000
[14:39:41.141]    DbgMCU_APB2_Fz=0x00000000
[14:39:41.141]    TraceClk_Pin=0x00040002
[14:39:41.141]    TraceD0_Pin=0x00040003
[14:39:41.141]    TraceD1_Pin=0x00040004
[14:39:41.141]    TraceD2_Pin=0x00040005
[14:39:41.141]    TraceD3_Pin=0x00040006
[14:39:41.141]  </debugvars>
[14:39:41.141]  
[14:39:41.141]  <sequence name="DebugCoreStart" Pname="" disable="false" info="">
[14:39:41.141]    <block atomic="false" info="">
[14:39:41.141]      Write32(0xE000EDF0, 0xA05F0001);                                        // Enable Core Debug via DHCSR
[14:39:41.141]        // -> [Write32(0xE000EDF0, 0xA05F0001)]   (__dp=0x00000000, __ap=0x00000000)
[14:39:41.141]      Write32(0xE0042004, DbgMCU_CR);                                         // DBGMCU_CR: Configure MCU Debug
[14:39:41.151]        // -> [Write32(0xE0042004, 0x00000007)]   (__dp=0x00000000, __ap=0x00000000)
[14:39:41.151]      Write32(0xE0042008, DbgMCU_APB1_Fz);                                    // DBGMCU_APB1_FZ: Configure APB1 Peripheral Freeze Behavior
[14:39:41.151]        // -> [Write32(0xE0042008, 0x00000000)]   (__dp=0x00000000, __ap=0x00000000)
[14:39:41.161]      Write32(0xE004200C, DbgMCU_APB2_Fz);                                    // DBGMCU_APB1_FZ: Configure APB2 Peripheral Freeze Behavior
[14:39:41.165]        // -> [Write32(0xE004200C, 0x00000000)]   (__dp=0x00000000, __ap=0x00000000)
[14:39:41.165]    </block>
[14:39:41.165]  </sequence>
[14:39:41.165]  
[14:41:04.126]  **********  Sequence "DebugDeviceUnlock"  (Context="Connect", Pname="", info="")
[14:41:04.126]  
[14:41:04.126]  <debugvars>
[14:41:04.126]    // Pre-defined
[14:41:04.126]    __protocol=0x00010002      (Protocol="SWD", SWJ-DP="True")
[14:41:04.126]    __connection=0x00000102    (Connection Type="Flash", Reset Type="Hardware Reset")
[14:41:04.126]    __dp=0x00000000
[14:41:04.126]    __ap=0x00000000
[14:41:04.126]    __traceout=0x00000000      (Trace Disabled)
[14:41:04.126]    __errorcontrol=0x00000000  (Skip Errors="False")
[14:41:04.126]    __FlashAddr=0x00000000
[14:41:04.126]    __FlashLen=0x00000000
[14:41:04.126]    __FlashArg=0x00000000
[14:41:04.126]    __FlashOp=0x00000000
[14:41:04.126]    __Result=0x00000000
[14:41:04.126]    
[14:41:04.126]    // User-defined
[14:41:04.126]    DbgMCU_CR=0x00000007
[14:41:04.126]    DbgMCU_APB1_Fz=0x00000000
[14:41:04.126]    DbgMCU_APB2_Fz=0x00000000
[14:41:04.126]    TraceClk_Pin=0x00040002
[14:41:04.126]    TraceD0_Pin=0x00040003
[14:41:04.126]    TraceD1_Pin=0x00040004
[14:41:04.126]    TraceD2_Pin=0x00040005
[14:41:04.126]    TraceD3_Pin=0x00040006
[14:41:04.126]  </debugvars>
[14:41:04.126]  
[14:41:04.126]  <sequence name="DebugDeviceUnlock" Pname="" disable="false" info="">
[14:41:04.126]    <block atomic="false" info="">
[14:41:04.126]      Sequence("CheckID");
[14:41:04.126]        <sequence name="CheckID" Pname="" disable="false" info="">
[14:41:04.126]          <block atomic="false" info="">
[14:41:04.126]            __var pidr1 = 0;
[14:41:04.126]              // -> [pidr1 <= 0x00000000]
[14:41:04.126]            __var pidr2 = 0;
[14:41:04.126]              // -> [pidr2 <= 0x00000000]
[14:41:04.126]            __var jep106id = 0;
[14:41:04.126]              // -> [jep106id <= 0x00000000]
[14:41:04.126]            __var ROMTableBase = 0;
[14:41:04.126]              // -> [ROMTableBase <= 0x00000000]
[14:41:04.126]            __ap = 0;      // AHB-AP
[14:41:04.126]              // -> [__ap <= 0x00000000]
[14:41:04.126]            ROMTableBase = ReadAP(0xF8) & ~0x3;
[14:41:04.136]              // -> [ReadAP(0x000000F8) => 0xE00FF003]   (__dp=0x00000000, __ap=0x00000000)
[14:41:04.136]              // -> [ROMTableBase <= 0xE00FF000]
[14:41:04.136]            pidr1 = Read32(ROMTableBase + 0x0FE4);
[14:41:04.136]              // -> [Read32(0xE00FFFE4) => 0x00000004]   (__dp=0x00000000, __ap=0x00000000)
[14:41:04.136]              // -> [pidr1 <= 0x00000004]
[14:41:04.136]            pidr2 = Read32(ROMTableBase + 0x0FE8);
[14:41:04.146]              // -> [Read32(0xE00FFFE8) => 0x0000000A]   (__dp=0x00000000, __ap=0x00000000)
[14:41:04.146]              // -> [pidr2 <= 0x0000000A]
[14:41:04.146]            jep106id = ((pidr2 & 0x7) << 4 ) | ((pidr1 >> 4) & 0xF);
[14:41:04.146]              // -> [jep106id <= 0x00000020]
[14:41:04.146]          </block>
[14:41:04.146]          <control if="jep106id != 0x20" while="" timeout="0" info="">
[14:41:04.146]            // if-block "jep106id != 0x20"
[14:41:04.146]              // =>  FALSE
[14:41:04.146]            // skip if-block "jep106id != 0x20"
[14:41:04.146]          </control>
[14:41:04.146]        </sequence>
[14:41:04.146]    </block>
[14:41:04.146]  </sequence>
[14:41:04.146]  
[14:41:04.286]  **********  Sequence "DebugCoreStart"  (Context="Target Access", Pname="", info="")
[14:41:04.286]  
[14:41:04.286]  <debugvars>
[14:41:04.286]    // Pre-defined
[14:41:04.286]    __protocol=0x00010002      (Protocol="SWD", SWJ-DP="True")
[14:41:04.286]    __connection=0x00000102    (Connection Type="Flash", Reset Type="Hardware Reset")
[14:41:04.286]    __dp=0x00000000
[14:41:04.286]    __ap=0x00000000
[14:41:04.286]    __traceout=0x00000000      (Trace Disabled)
[14:41:04.286]    __errorcontrol=0x00000000  (Skip Errors="False")
[14:41:04.286]    __FlashAddr=0x00000000
[14:41:04.286]    __FlashLen=0x00000000
[14:41:04.286]    __FlashArg=0x00000000
[14:41:04.286]    __FlashOp=0x00000000
[14:41:04.286]    __Result=0x00000000
[14:41:04.286]    
[14:41:04.286]    // User-defined
[14:41:04.286]    DbgMCU_CR=0x00000007
[14:41:04.286]    DbgMCU_APB1_Fz=0x00000000
[14:41:04.286]    DbgMCU_APB2_Fz=0x00000000
[14:41:04.286]    TraceClk_Pin=0x00040002
[14:41:04.286]    TraceD0_Pin=0x00040003
[14:41:04.286]    TraceD1_Pin=0x00040004
[14:41:04.286]    TraceD2_Pin=0x00040005
[14:41:04.286]    TraceD3_Pin=0x00040006
[14:41:04.286]  </debugvars>
[14:41:04.286]  
[14:41:04.286]  <sequence name="DebugCoreStart" Pname="" disable="false" info="">
[14:41:04.286]    <block atomic="false" info="">
[14:41:04.286]      Write32(0xE000EDF0, 0xA05F0001);                                        // Enable Core Debug via DHCSR
[14:41:04.296]        // -> [Write32(0xE000EDF0, 0xA05F0001)]   (__dp=0x00000000, __ap=0x00000000)
[14:41:04.296]      Write32(0xE0042004, DbgMCU_CR);                                         // DBGMCU_CR: Configure MCU Debug
[14:41:04.296]        // -> [Write32(0xE0042004, 0x00000007)]   (__dp=0x00000000, __ap=0x00000000)
[14:41:04.296]      Write32(0xE0042008, DbgMCU_APB1_Fz);                                    // DBGMCU_APB1_FZ: Configure APB1 Peripheral Freeze Behavior
[14:41:04.306]        // -> [Write32(0xE0042008, 0x00000000)]   (__dp=0x00000000, __ap=0x00000000)
[14:41:04.306]      Write32(0xE004200C, DbgMCU_APB2_Fz);                                    // DBGMCU_APB1_FZ: Configure APB2 Peripheral Freeze Behavior
[14:41:04.306]        // -> [Write32(0xE004200C, 0x00000000)]   (__dp=0x00000000, __ap=0x00000000)
[14:41:04.306]    </block>
[14:41:04.306]  </sequence>
[14:41:04.306]  
[14:41:24.198]  **********  Sequence "DebugDeviceUnlock"  (Context="Connect", Pname="", info="")
[14:41:24.198]  
[14:41:24.205]  <debugvars>
[14:41:24.205]    // Pre-defined
[14:41:24.205]    __protocol=0x00010002      (Protocol="SWD", SWJ-DP="True")
[14:41:24.205]    __connection=0x00000202    (Connection Type="Flash", Reset Type="System Reset")
[14:41:24.205]    __dp=0x00000000
[14:41:24.205]    __ap=0x00000000
[14:41:24.205]    __traceout=0x00000000      (Trace Disabled)
[14:41:24.205]    __errorcontrol=0x00000000  (Skip Errors="False")
[14:41:24.205]    __FlashAddr=0x00000000
[14:41:24.205]    __FlashLen=0x00000000
[14:41:24.205]    __FlashArg=0x00000000
[14:41:24.205]    __FlashOp=0x00000000
[14:41:24.205]    __Result=0x00000000
[14:41:24.208]    
[14:41:24.208]    // User-defined
[14:41:24.208]    DbgMCU_CR=0x00000007
[14:41:24.208]    DbgMCU_APB1_Fz=0x00000000
[14:41:24.208]    DbgMCU_APB2_Fz=0x00000000
[14:41:24.208]    TraceClk_Pin=0x00040002
[14:41:24.208]    TraceD0_Pin=0x00040003
[14:41:24.208]    TraceD1_Pin=0x00040004
[14:41:24.208]    TraceD2_Pin=0x00040005
[14:41:24.208]    TraceD3_Pin=0x00040006
[14:41:24.208]  </debugvars>
[14:41:24.208]  
[14:41:24.208]  <sequence name="DebugDeviceUnlock" Pname="" disable="false" info="">
[14:41:24.208]    <block atomic="false" info="">
[14:41:24.208]      Sequence("CheckID");
[14:41:24.208]        <sequence name="CheckID" Pname="" disable="false" info="">
[14:41:24.208]          <block atomic="false" info="">
[14:41:24.208]            __var pidr1 = 0;
[14:41:24.208]              // -> [pidr1 <= 0x00000000]
[14:41:24.208]            __var pidr2 = 0;
[14:41:24.208]              // -> [pidr2 <= 0x00000000]
[14:41:24.208]            __var jep106id = 0;
[14:41:24.208]              // -> [jep106id <= 0x00000000]
[14:41:24.208]            __var ROMTableBase = 0;
[14:41:24.208]              // -> [ROMTableBase <= 0x00000000]
[14:41:24.208]            __ap = 0;      // AHB-AP
[14:41:24.208]              // -> [__ap <= 0x00000000]
[14:41:24.208]            ROMTableBase = ReadAP(0xF8) & ~0x3;
[14:41:24.208]              // -> [ReadAP(0x000000F8) => 0xE00FF003]   (__dp=0x00000000, __ap=0x00000000)
[14:41:24.208]              // -> [ROMTableBase <= 0xE00FF000]
[14:41:24.208]            pidr1 = Read32(ROMTableBase + 0x0FE4);
[14:41:24.219]              // -> [Read32(0xE00FFFE4) => 0x00000004]   (__dp=0x00000000, __ap=0x00000000)
[14:41:24.219]              // -> [pidr1 <= 0x00000004]
[14:41:24.219]            pidr2 = Read32(ROMTableBase + 0x0FE8);
[14:41:24.228]              // -> [Read32(0xE00FFFE8) => 0x0000000A]   (__dp=0x00000000, __ap=0x00000000)
[14:41:24.228]              // -> [pidr2 <= 0x0000000A]
[14:41:24.228]            jep106id = ((pidr2 & 0x7) << 4 ) | ((pidr1 >> 4) & 0xF);
[14:41:24.228]              // -> [jep106id <= 0x00000020]
[14:41:24.228]          </block>
[14:41:24.228]          <control if="jep106id != 0x20" while="" timeout="0" info="">
[14:41:24.228]            // if-block "jep106id != 0x20"
[14:41:24.228]              // =>  FALSE
[14:41:24.228]            // skip if-block "jep106id != 0x20"
[14:41:24.228]          </control>
[14:41:24.228]        </sequence>
[14:41:24.228]    </block>
[14:41:24.228]  </sequence>
[14:41:24.228]  
[14:41:24.358]  **********  Sequence "DebugCoreStart"  (Context="Target Access", Pname="", info="")
[14:41:24.358]  
[14:41:24.358]  <debugvars>
[14:41:24.358]    // Pre-defined
[14:41:24.358]    __protocol=0x00010002      (Protocol="SWD", SWJ-DP="True")
[14:41:24.358]    __connection=0x00000202    (Connection Type="Flash", Reset Type="System Reset")
[14:41:24.358]    __dp=0x00000000
[14:41:24.358]    __ap=0x00000000
[14:41:24.358]    __traceout=0x00000000      (Trace Disabled)
[14:41:24.358]    __errorcontrol=0x00000000  (Skip Errors="False")
[14:41:24.358]    __FlashAddr=0x00000000
[14:41:24.358]    __FlashLen=0x00000000
[14:41:24.358]    __FlashArg=0x00000000
[14:41:24.358]    __FlashOp=0x00000000
[14:41:24.358]    __Result=0x00000000
[14:41:24.358]    
[14:41:24.358]    // User-defined
[14:41:24.358]    DbgMCU_CR=0x00000007
[14:41:24.358]    DbgMCU_APB1_Fz=0x00000000
[14:41:24.358]    DbgMCU_APB2_Fz=0x00000000
[14:41:24.358]    TraceClk_Pin=0x00040002
[14:41:24.358]    TraceD0_Pin=0x00040003
[14:41:24.358]    TraceD1_Pin=0x00040004
[14:41:24.358]    TraceD2_Pin=0x00040005
[14:41:24.358]    TraceD3_Pin=0x00040006
[14:41:24.358]  </debugvars>
[14:41:24.368]  
[14:41:24.368]  <sequence name="DebugCoreStart" Pname="" disable="false" info="">
[14:41:24.368]    <block atomic="false" info="">
[14:41:24.368]      Write32(0xE000EDF0, 0xA05F0001);                                        // Enable Core Debug via DHCSR
[14:41:24.368]        // -> [Write32(0xE000EDF0, 0xA05F0001)]   (__dp=0x00000000, __ap=0x00000000)
[14:41:24.368]      Write32(0xE0042004, DbgMCU_CR);                                         // DBGMCU_CR: Configure MCU Debug
[14:41:24.378]        // -> [Write32(0xE0042004, 0x00000007)]   (__dp=0x00000000, __ap=0x00000000)
[14:41:24.378]      Write32(0xE0042008, DbgMCU_APB1_Fz);                                    // DBGMCU_APB1_FZ: Configure APB1 Peripheral Freeze Behavior
[14:41:24.378]        // -> [Write32(0xE0042008, 0x00000000)]   (__dp=0x00000000, __ap=0x00000000)
[14:41:24.378]      Write32(0xE004200C, DbgMCU_APB2_Fz);                                    // DBGMCU_APB1_FZ: Configure APB2 Peripheral Freeze Behavior
[14:41:24.388]        // -> [Write32(0xE004200C, 0x00000000)]   (__dp=0x00000000, __ap=0x00000000)
[14:41:24.388]    </block>
[14:41:24.388]  </sequence>
[14:41:24.388]  
[14:42:13.834]  **********  Sequence "DebugDeviceUnlock"  (Context="Connect", Pname="", info="")
[14:42:13.834]  
[14:42:13.847]  <debugvars>
[14:42:13.847]    // Pre-defined
[14:42:13.847]    __protocol=0x00010002      (Protocol="SWD", SWJ-DP="True")
[14:42:13.847]    __connection=0x00000202    (Connection Type="Flash", Reset Type="System Reset")
[14:42:13.847]    __dp=0x00000000
[14:42:13.847]    __ap=0x00000000
[14:42:13.847]    __traceout=0x00000000      (Trace Disabled)
[14:42:13.847]    __errorcontrol=0x00000000  (Skip Errors="False")
[14:42:13.847]    __FlashAddr=0x00000000
[14:42:13.847]    __FlashLen=0x00000000
[14:42:13.847]    __FlashArg=0x00000000
[14:42:13.847]    __FlashOp=0x00000000
[14:42:13.847]    __Result=0x00000000
[14:42:13.847]    
[14:42:13.847]    // User-defined
[14:42:13.847]    DbgMCU_CR=0x00000007
[14:42:13.847]    DbgMCU_APB1_Fz=0x00000000
[14:42:13.847]    DbgMCU_APB2_Fz=0x00000000
[14:42:13.847]    TraceClk_Pin=0x00040002
[14:42:13.847]    TraceD0_Pin=0x00040003
[14:42:13.850]    TraceD1_Pin=0x00040004
[14:42:13.850]    TraceD2_Pin=0x00040005
[14:42:13.850]    TraceD3_Pin=0x00040006
[14:42:13.850]  </debugvars>
[14:42:13.850]  
[14:42:13.850]  <sequence name="DebugDeviceUnlock" Pname="" disable="false" info="">
[14:42:13.850]    <block atomic="false" info="">
[14:42:13.850]      Sequence("CheckID");
[14:42:13.850]        <sequence name="CheckID" Pname="" disable="false" info="">
[14:42:13.850]          <block atomic="false" info="">
[14:42:13.850]            __var pidr1 = 0;
[14:42:13.850]              // -> [pidr1 <= 0x00000000]
[14:42:13.850]            __var pidr2 = 0;
[14:42:13.850]              // -> [pidr2 <= 0x00000000]
[14:42:13.850]            __var jep106id = 0;
[14:42:13.850]              // -> [jep106id <= 0x00000000]
[14:42:13.850]            __var ROMTableBase = 0;
[14:42:13.850]              // -> [ROMTableBase <= 0x00000000]
[14:42:13.850]            __ap = 0;      // AHB-AP
[14:42:13.850]              // -> [__ap <= 0x00000000]
[14:42:13.850]            ROMTableBase = ReadAP(0xF8) & ~0x3;
[14:42:13.850]              // -> [ReadAP(0x000000F8) => 0xE00FF003]   (__dp=0x00000000, __ap=0x00000000)
[14:42:13.850]              // -> [ROMTableBase <= 0xE00FF000]
[14:42:13.850]            pidr1 = Read32(ROMTableBase + 0x0FE4);
[14:42:13.850]              // -> [Read32(0xE00FFFE4) => 0x00000004]   (__dp=0x00000000, __ap=0x00000000)
[14:42:13.850]              // -> [pidr1 <= 0x00000004]
[14:42:13.850]            pidr2 = Read32(ROMTableBase + 0x0FE8);
[14:42:13.870]              // -> [Read32(0xE00FFFE8) => 0x0000000A]   (__dp=0x00000000, __ap=0x00000000)
[14:42:13.870]              // -> [pidr2 <= 0x0000000A]
[14:42:13.870]            jep106id = ((pidr2 & 0x7) << 4 ) | ((pidr1 >> 4) & 0xF);
[14:42:13.870]              // -> [jep106id <= 0x00000020]
[14:42:13.871]          </block>
[14:42:13.871]          <control if="jep106id != 0x20" while="" timeout="0" info="">
[14:42:13.872]            // if-block "jep106id != 0x20"
[14:42:13.872]              // =>  FALSE
[14:42:13.872]            // skip if-block "jep106id != 0x20"
[14:42:13.872]          </control>
[14:42:13.872]        </sequence>
[14:42:13.872]    </block>
[14:42:13.872]  </sequence>
[14:42:13.872]  
[14:42:14.007]  **********  Sequence "DebugCoreStart"  (Context="Target Access", Pname="", info="")
[14:42:14.007]  
[14:42:14.007]  <debugvars>
[14:42:14.007]    // Pre-defined
[14:42:14.007]    __protocol=0x00010002      (Protocol="SWD", SWJ-DP="True")
[14:42:14.007]    __connection=0x00000202    (Connection Type="Flash", Reset Type="System Reset")
[14:42:14.008]    __dp=0x00000000
[14:42:14.008]    __ap=0x00000000
[14:42:14.008]    __traceout=0x00000000      (Trace Disabled)
[14:42:14.008]    __errorcontrol=0x00000000  (Skip Errors="False")
[14:42:14.008]    __FlashAddr=0x00000000
[14:42:14.009]    __FlashLen=0x00000000
[14:42:14.009]    __FlashArg=0x00000000
[14:42:14.009]    __FlashOp=0x00000000
[14:42:14.009]    __Result=0x00000000
[14:42:14.009]    
[14:42:14.009]    // User-defined
[14:42:14.009]    DbgMCU_CR=0x00000007
[14:42:14.009]    DbgMCU_APB1_Fz=0x00000000
[14:42:14.010]    DbgMCU_APB2_Fz=0x00000000
[14:42:14.010]    TraceClk_Pin=0x00040002
[14:42:14.010]    TraceD0_Pin=0x00040003
[14:42:14.010]    TraceD1_Pin=0x00040004
[14:42:14.010]    TraceD2_Pin=0x00040005
[14:42:14.010]    TraceD3_Pin=0x00040006
[14:42:14.010]  </debugvars>
[14:42:14.010]  
[14:42:14.011]  <sequence name="DebugCoreStart" Pname="" disable="false" info="">
[14:42:14.011]    <block atomic="false" info="">
[14:42:14.011]      Write32(0xE000EDF0, 0xA05F0001);                                        // Enable Core Debug via DHCSR
[14:42:14.017]        // -> [Write32(0xE000EDF0, 0xA05F0001)]   (__dp=0x00000000, __ap=0x00000000)
[14:42:14.017]      Write32(0xE0042004, DbgMCU_CR);                                         // DBGMCU_CR: Configure MCU Debug
[14:42:14.023]        // -> [Write32(0xE0042004, 0x00000007)]   (__dp=0x00000000, __ap=0x00000000)
[14:42:14.023]      Write32(0xE0042008, DbgMCU_APB1_Fz);                                    // DBGMCU_APB1_FZ: Configure APB1 Peripheral Freeze Behavior
[14:42:14.029]        // -> [Write32(0xE0042008, 0x00000000)]   (__dp=0x00000000, __ap=0x00000000)
[14:42:14.029]      Write32(0xE004200C, DbgMCU_APB2_Fz);                                    // DBGMCU_APB1_FZ: Configure APB2 Peripheral Freeze Behavior
[14:42:14.035]        // -> [Write32(0xE004200C, 0x00000000)]   (__dp=0x00000000, __ap=0x00000000)
[14:42:14.035]    </block>
[14:42:14.035]  </sequence>
[14:42:14.035]  
